20:11:42 **** Incremental Build of configuration Debug for project TrabajoF ****
make -j8 all 
arm-none-eabi-gcc -o "TrabajoF.elf" @"objects.list"   -mcpu=cortex-m4 -T"C:\Users\USUARIO\Desktop\Royer\universidad\PDM1\TrabajoF\STM32F401RETX_FLASH.ld" --specs=nosys.specs -Wl,-Map="TrabajoF.map" -Wl,--gc-sections -static --specs=nano.specs -mfpu=fpv4-sp-d16 -mfloat-abi=hard -mthumb -Wl,--start-group -lc -lm -Wl,--end-group
C:/ST/STM32CubeIDE_1.13.2/STM32CubeIDE/plugins/com.st.stm32cube.ide.mcu.externaltools.gnu-tools-for-stm32.11.3.rel1.win32_1.1.1.202309131626/tools/bin/../lib/gcc/arm-none-eabi/11.3.1/../../../../arm-none-eabi/bin/ld.exe: ./Drivers/API/Src/API_Uart.o:C:/Users/USUARIO/Desktop/Royer/universidad/PDM1/TrabajoF/Debug/../Drivers/API/Src/API_Uart.c:15: multiple definition of `huart2'; ./Core/Src/main.o:C:/Users/USUARIO/Desktop/Royer/universidad/PDM1/TrabajoF/Debug/../Core/Src/main.c:45: first defined here
collect2.exe: error: ld returned 1 exit status
make: *** [makefile:65: TrabajoF.elf] Error 1
"make -j8 all" terminated with exit code 2. Build might be incomplete.

20:11:42 Build Failed. 2 errors, 0 warnings. (took 517ms)

